

GNU Macro Assembler for 8 bit devices.       
                                                                                                           Thu Jun 06 18:26:47 2024


     1                           
     2                           	; GNU Compiler for 8 bit devices V1.45
     3                           	; CNU Compiler  2004-2017 GNU FreeSoftware
     4                           
     5                           	; Auto-generated runtime startup code for final link stage.
     6                           
     7                           	;
     8                           	; Compiler options:
     9                           	;
    10                           	; -otouchlib_6015.cof -mtouchlib_6015.map --summary=default \
    11                           	; --output=default main.p1 led.p1 uart.p1 touch_test.lpp \
    12                           	; --chip=FT62F28X -P --runtime=default --opt=default -D__DEBUG=1 -g \
    13                           	; --asmlist --errformat=Error   [%n] %f; %l.%c %s \
    14                           	; --msgformat=Advisory[%n] %s --warnformat=Warning [%n] %f; %l.%c %s
    15                           	;
    16                           
    17                           
    18                           	processor	FT62F28X
    19                           
    20                           	global	_main,start,reset_vec
    21                           	fnroot	_main
    22                           	psect	config,class=CONFIG,delta=2,noexec
    23                           	psect	idloc,class=IDLOC,delta=2,noexec
    24                           	psect	code,class=CODE,delta=2
    25                           	psect	powerup,class=CODE,delta=2
    26                           	psect	reset_vec,class=CODE,delta=2
    27                           	psect	maintext,class=CODE,delta=2
    28  0000                     	Z	set	2
    29  0002                     	PCL	set	2
    30  0002                     	INDF	set	0
    31  0000                     
    32                           	STATUS	equ	3
    33  0003                     	PCLATH	equ	0Ah
    34  000A                     
    35                           	psect	eeprom_data,class=EEDATA,delta=2,space=3,noexec
    36                           	psect	intentry,class=CODE,delta=2
    37                           	psect	functab,class=ENTRY,delta=2
    38                           	global	intlevel0,intlevel1,intlevel2, intlevel3, intlevel4, intlevel5
    39                           intlevel0:
    40  0000                     intlevel1:
    41  0000                     intlevel2:
    42  0000                     intlevel3:
    43  0000                     intlevel4:
    44  0000                     intlevel5:
    45  0000                     	psect	init,class=CODE,delta=2
    46                           	psect	cinit,class=CODE,delta=2
    47                           	psect	text,class=CODE,delta=2
    48                           	psect	end_init,class=CODE,delta=2
    49                           	psect	clrtext,class=CODE,delta=2
    50                           	FSR	set	4
    51  0004                     	psect	strings,class=CODE,delta=2,reloc=256
    52                           
    53                           	global stacklo, stackhi
    54                           	stacklo	equ	0
    55  0000                     	stackhi	equ	0
    56  0000                     
    57                           
    58                           	psect	stack,class=STACK,space=2,noexec
    59                           	global ___sp,___int_sp
    60                           	___sp:
    61  0000                     	___int_sp:
    62  0000                     	psect	reset_vec
    63                           reset_vec:
    64  0000                     	; No powerup routine
    65                           	global start
    66                           
    67                           ; jump to start
    68                           	goto	start & 0x7FF | (reset_vec & not 0x7FF)
    69  0000  120A  118A  280C   
    70                           
    71                           
    72                           	psect	init
    73                           start
    74  000C                     	psect	end_init
    75                           	global start_initialization
    76                           	ljmp start_initialization	;jump to C runtime clear & initialization
    77  000C  120A  118A  280F   


GNU Macro Assembler for 8 bit devices.     
Symbol Table                                                                                               Thu Jun 06 18:26:47 2024

               ___sp 0000                 _main 07C9                 start 000C               stackhi 0000  
             stacklo 0000  start_initialization 000F             ___int_sp 0000             intlevel0 0000  
           intlevel1 0000             intlevel2 0000             intlevel3 0000             intlevel4 0000  
           intlevel5 0000             reset_vec 0000  
